<?xml version="1.0" encoding="UTF-8"?>
<!-- Generated by org.testng.reporters.JUnitXMLReporter -->
<testsuite ignored="0" hostname="HYD-DT8005" failures="0" tests="3" name="Default test" time="0.175" errors="0" timestamp="2022-06-15T15:17:30 IST">
  <testcase classname="listeners.testnglisterner2" name="test1" time="0.015"/>
  <testcase classname="listeners.testnglisterner2" name="test2" time="0.005"/>
  <testcase classname="listeners.testnglisterner2" name="test3" time="0.006">
    <skipped/>
  </testcase> <!-- test3 -->
</testsuite> <!-- Default test -->
